c:\users\administrator\desktop\c++\多线程-练习3-tcpip\多线程-练习3-tcpip\debug\多线程-练习3-tcpip.pch
c:\users\administrator\desktop\c++\多线程-练习3-tcpip\多线程-练习3-tcpip\debug\vc120.pdb
c:\users\administrator\desktop\c++\多线程-练习3-tcpip\多线程-练习3-tcpip\debug\vc120.idb
c:\users\administrator\desktop\c++\多线程-练习3-tcpip\多线程-练习3-tcpip\debug\stdafx.obj
c:\users\administrator\desktop\c++\多线程-练习3-tcpip\多线程-练习3-tcpip\debug\多线程-练习3-tcpip.obj
c:\users\administrator\desktop\c++\多线程-练习3-tcpip\debug\多线程-练习3-tcpip.ilk
c:\users\administrator\desktop\c++\多线程-练习3-tcpip\debug\多线程-练习3-tcpip.exe
c:\users\administrator\desktop\c++\多线程-练习3-tcpip\debug\多线程-练习3-tcpip.pdb
c:\users\administrator\desktop\c++\多线程-练习3-tcpip\多线程-练习3-tcpip\debug\handshake.res
c:\users\administrator\desktop\c++\多线程-练习3-tcpip\多线程-练习3-tcpip\debug\多线程-练习3-tcpip.tlog\cl.command.1.tlog
c:\users\administrator\desktop\c++\多线程-练习3-tcpip\多线程-练习3-tcpip\debug\多线程-练习3-tcpip.tlog\cl.read.1.tlog
c:\users\administrator\desktop\c++\多线程-练习3-tcpip\多线程-练习3-tcpip\debug\多线程-练习3-tcpip.tlog\cl.write.1.tlog
c:\users\administrator\desktop\c++\多线程-练习3-tcpip\多线程-练习3-tcpip\debug\多线程-练习3-tcpip.tlog\link.12764-cvtres.read.1.tlog
c:\users\administrator\desktop\c++\多线程-练习3-tcpip\多线程-练习3-tcpip\debug\多线程-练习3-tcpip.tlog\link.12764-cvtres.write.1.tlog
c:\users\administrator\desktop\c++\多线程-练习3-tcpip\多线程-练习3-tcpip\debug\多线程-练习3-tcpip.tlog\link.12764-rc.read.1.tlog
c:\users\administrator\desktop\c++\多线程-练习3-tcpip\多线程-练习3-tcpip\debug\多线程-练习3-tcpip.tlog\link.12764-rc.write.1.tlog
c:\users\administrator\desktop\c++\多线程-练习3-tcpip\多线程-练习3-tcpip\debug\多线程-练习3-tcpip.tlog\link.12764.read.1.tlog
c:\users\administrator\desktop\c++\多线程-练习3-tcpip\多线程-练习3-tcpip\debug\多线程-练习3-tcpip.tlog\link.12764.write.1.tlog
c:\users\administrator\desktop\c++\多线程-练习3-tcpip\多线程-练习3-tcpip\debug\多线程-练习3-tcpip.tlog\link.command.1.tlog
c:\users\administrator\desktop\c++\多线程-练习3-tcpip\多线程-练习3-tcpip\debug\多线程-练习3-tcpip.tlog\link.read.1.tlog
c:\users\administrator\desktop\c++\多线程-练习3-tcpip\多线程-练习3-tcpip\debug\多线程-练习3-tcpip.tlog\link.write.1.tlog
c:\users\administrator\desktop\c++\多线程-练习3-tcpip\多线程-练习3-tcpip\debug\多线程-练习3-tcpip.tlog\rc.command.1.tlog
c:\users\administrator\desktop\c++\多线程-练习3-tcpip\多线程-练习3-tcpip\debug\多线程-练习3-tcpip.tlog\rc.read.1.tlog
c:\users\administrator\desktop\c++\多线程-练习3-tcpip\多线程-练习3-tcpip\debug\多线程-练习3-tcpip.tlog\rc.write.1.tlog
